[0m04:31:24.495969 [debug] [MainThread]: Sending event: {'category': 'dbt', 'action': 'invocation', 'label': 'start', 'context': [<snowplow_tracker.self_describing_json.SelfDescribingJson object at 0x7f0a55c20460>, <snowplow_tracker.self_describing_json.SelfDescribingJson object at 0x7f0a542020b0>, <snowplow_tracker.self_describing_json.SelfDescribingJson object at 0x7f0a54202050>]}


============================== 04:31:24.498747 | 4b2cff6f-7687-44ee-8135-80af2a759620 ==============================
[0m04:31:24.498747 [info ] [MainThread]: Running with dbt=1.7.9
[0m04:31:24.499367 [debug] [MainThread]: running dbt with arguments {'printer_width': '80', 'indirect_selection': 'eager', 'log_cache_events': 'False', 'write_json': 'True', 'partial_parse': 'True', 'cache_selected_only': 'False', 'profiles_dir': '/home/melat/.dbt', 'version_check': 'True', 'fail_fast': 'False', 'log_path': 'logs', 'debug': 'False', 'warn_error': 'None', 'use_colors': 'True', 'use_experimental_parser': 'False', 'no_print': 'None', 'quiet': 'False', 'warn_error_options': 'WarnErrorOptions(include=[], exclude=[])', 'static_parser': 'True', 'invocation_command': 'dbt init', 'log_format': 'default', 'target_path': 'None', 'introspect': 'True', 'send_anonymous_usage_stats': 'True'}
[0m04:31:38.288559 [debug] [MainThread]: Starter project path: /home/melat/.local/lib/python3.10/site-packages/dbt/include/starter_project
[0m04:31:38.292803 [info ] [MainThread]: 
Your new dbt project "vehicle_dbt" was created!

For more information on how to configure the profiles.yml file,
please consult the dbt documentation here:

  https://docs.getdbt.com/docs/configure-your-profile

One more thing:

Need help? Don't hesitate to reach out to us via GitHub issues or on Slack:

  https://community.getdbt.com/

Happy modeling!

[0m04:31:38.293385 [info ] [MainThread]: Setting up your profile.
[0m04:36:21.745312 [info ] [MainThread]: Profile vehicle_dbt written to /home/melat/.dbt/profiles.yml using target's profile_template.yml and your supplied values. Run 'dbt debug' to validate the connection.
[0m04:36:21.747862 [debug] [MainThread]: Resource report: {"command_name": "init", "command_success": true, "command_wall_clock_time": 297.28583, "process_user_time": 1.631753, "process_kernel_time": 0.159694, "process_mem_max_rss": "92240", "process_in_blocks": "16", "process_out_blocks": "88"}
[0m04:36:21.748759 [debug] [MainThread]: Command `dbt init` succeeded at 04:36:21.748549 after 297.29 seconds
[0m04:36:21.749417 [debug] [MainThread]: Sending event: {'category': 'dbt', 'action': 'invocation', 'label': 'end', 'context': [<snowplow_tracker.self_describing_json.SelfDescribingJson object at 0x7f0a55c20460>, <snowplow_tracker.self_describing_json.SelfDescribingJson object at 0x7f0a54202110>, <snowplow_tracker.self_describing_json.SelfDescribingJson object at 0x7f0a54202da0>]}
[0m04:36:21.749953 [debug] [MainThread]: Flushing usage events
